"Severity","ThreadID","Date","Time","Application","Message"
"ERROR","http-nio-8888-exec-2","02/27/2023","12:21:34","","write access is protected;write access is protected
to access the configuration without a password, you need to change the write access to [open] in the Server Administrator;lucee.runtime.exp.SecurityException: write access is protected
	at lucee.runtime.config.ConfigWebUtil.checkPassword(ConfigWebUtil.java:538)
	at lucee.runtime.config.PasswordImpl.updatePassword(PasswordImpl.java:294)
	at lucee.runtime.config.PasswordImpl.updatePassword(PasswordImpl.java:282)
	at lucee.runtime.config.ConfigWebImpl.updatePassword(ConfigWebImpl.java:478)
	at lucee.runtime.tag.Admin.doStartTag(Admin.java:355)
	at web_cfm$cf.call(/admin/web.cfm:106)
	at lucee.runtime.PageContextImpl._doInclude(PageContextImpl.java:1056)
	at lucee.runtime.PageContextImpl._doInclude(PageContextImpl.java:948)
	at lucee.runtime.listener.ModernAppListener._onRequest(ModernAppListener.java:219)
	at lucee.runtime.listener.MixedAppListener.onRequest(MixedAppListener.java:44)
	at lucee.runtime.PageContextImpl.execute(PageContextImpl.java:2493)
	at lucee.runtime.PageContextImpl._execute(PageContextImpl.java:2478)
	at lucee.runtime.PageContextImpl.executeCFML(PageContextImpl.java:2449)
	at lucee.runtime.engine.Request.exe(Request.java:45)
	at lucee.runtime.engine.CFMLEngineImpl._service(CFMLEngineImpl.java:1216)
	at lucee.runtime.engine.CFMLEngineImpl.serviceCFML(CFMLEngineImpl.java:1162)
	at lucee.loader.engine.CFMLEngineWrapper.serviceCFML(CFMLEngineWrapper.java:97)
	at lucee.loader.servlet.CFMLServlet.service(CFMLServlet.java:51)
..."
"ERROR","http-nio-8888-exec-1","02/28/2023","13:02:58","","invalid definition of the attribute taglib [/path/to/tags];lucee.runtime.exp.TemplateException: invalid definition of the attribute taglib [/path/to/tags]
	at lucee.transformer.cfml.evaluator.impl.Import.executePT(Import.java:141)
	at lucee.transformer.cfml.evaluator.impl.Import.execute(Import.java:77)
	at lucee.transformer.cfml.tag.CFMLTransformer.executeEvaluator(CFMLTransformer.java:864)
	at lucee.transformer.cfml.tag.CFMLTransformer.tag(CFMLTransformer.java:853)
	at lucee.transformer.cfml.tag.CFMLTransformer.body(CFMLTransformer.java:389)
	at lucee.transformer.cfml.tag.CFMLTransformer.transform(CFMLTransformer.java:327)
	at lucee.transformer.cfml.tag.CFMLTransformer.transform(CFMLTransformer.java:319)
	at lucee.transformer.cfml.tag.CFMLTransformer.transform(CFMLTransformer.java:175)
	at lucee.runtime.compiler.CFMLCompilerImpl._compile(CFMLCompilerImpl.java:104)
	at lucee.runtime.compiler.CFMLCompilerImpl.compile(CFMLCompilerImpl.java:76)
	at lucee.runtime.PageSourceImpl._compile(PageSourceImpl.java:446)
	at lucee.runtime.PageSourceImpl.compile(PageSourceImpl.java:413)
	at lucee.runtime.PageSourceImpl.loadPhysical(PageSourceImpl.java:346)
	at lucee.runtime.PageSourceImpl.loadPageThrowTemplateException(PageSourceImpl.java:237)
	at lucee.runtime.PageSourceImpl.loadPage(PageSourceImpl.java:1024)
	at lucee.runtime.PageContextImpl._doInclude(PageContextImpl.java:1051)
	at lucee.runtime.PageContextImpl._doInclude(PageContextImpl.java:948)
	at lucee.runtime.listener.ModernAppListener._onRequest(ModernAppListener.java:219)
	at lucee.runtime.listener.MixedAppListener.onRequest(MixedAppListener.java:44)
	at lucee.runtime.PageContextImpl.execute(PageContextImpl.java:2493)
	at lucee.runtime.PageContextImpl._execute(PageContextImpl.java:2478)
	at lucee.runtime.PageContextImpl.executeCFML(PageContextImpl.java:2449)
	at lucee.runtime.engine.Request.exe(Request.java:45)
	at lucee.runtime.engine.CFMLEngineImpl._service(CFMLEngineImpl.java:1216)
	at lucee.runtime.engine.CFMLEngineImpl.serviceCFML(CFMLEngineImpl.java:1162)
	at lucee.loader.engine.CFMLEngineWrapper.serviceCFML(CFMLEngineWrapper.java:97)
	at lucee.loader.servlet.CFMLServlet.service(CFMLServlet.java:51)
..."
"ERROR","http-nio-8888-exec-5","02/28/2023","14:19:44","","invalid component definition, can't find component [./components/Greeting.cfc];lucee.runtime.exp.ExpressionException: invalid component definition, can't find component [./components/Greeting.cfc]
	at lucee.runtime.component.ComponentLoader._search(ComponentLoader.java:196)
	at lucee.runtime.component.ComponentLoader.searchComponent(ComponentLoader.java:82)
	at lucee.runtime.PageContextImpl.loadComponent(PageContextImpl.java:3280)
	at lucee.runtime.functions.other.CreateObject.doComponent(CreateObject.java:148)
	at lucee.runtime.functions.other.CreateObject.call(CreateObject.java:70)
	at lucee.runtime.functions.other.CreateObject.call(CreateObject.java:49)
	at componentcheck_cfm$cf.call(/componentCheck.cfm:2)
	at lucee.runtime.PageContextImpl._doInclude(PageContextImpl.java:1056)
	at lucee.runtime.PageContextImpl._doInclude(PageContextImpl.java:948)
	at lucee.runtime.listener.ModernAppListener._onRequest(ModernAppListener.java:219)
	at lucee.runtime.listener.MixedAppListener.onRequest(MixedAppListener.java:44)
	at lucee.runtime.PageContextImpl.execute(PageContextImpl.java:2493)
	at lucee.runtime.PageContextImpl._execute(PageContextImpl.java:2478)
	at lucee.runtime.PageContextImpl.executeCFML(PageContextImpl.java:2449)
	at lucee.runtime.engine.Request.exe(Request.java:45)
	at lucee.runtime.engine.CFMLEngineImpl._service(CFMLEngineImpl.java:1216)
	at lucee.runtime.engine.CFMLEngineImpl.serviceCFML(CFMLEngineImpl.java:1162)
	at lucee.loader.engine.CFMLEngineWrapper.serviceCFML(CFMLEngineWrapper.java:97)
	at lucee.loader.servlet.CFMLServlet.service(CFMLServlet.java:51)
..."
"ERROR","http-nio-8888-exec-9","02/28/2023","14:20:41","","invalid component definition, can't find component [./components/Greeting.cfc];lucee.runtime.exp.ExpressionException: invalid component definition, can't find component [./components/Greeting.cfc]
	at lucee.runtime.component.ComponentLoader._search(ComponentLoader.java:196)
	at lucee.runtime.component.ComponentLoader.searchComponent(ComponentLoader.java:82)
	at lucee.runtime.PageContextImpl.loadComponent(PageContextImpl.java:3280)
	at lucee.runtime.functions.other.CreateObject.doComponent(CreateObject.java:148)
	at lucee.runtime.functions.other.CreateObject.call(CreateObject.java:70)
	at lucee.runtime.functions.other.CreateObject.call(CreateObject.java:49)
	at componentcheck_cfm$cf.call(/componentCheck.cfm:2)
	at lucee.runtime.PageContextImpl._doInclude(PageContextImpl.java:1056)
	at lucee.runtime.PageContextImpl._doInclude(PageContextImpl.java:948)
	at lucee.runtime.listener.ModernAppListener._onRequest(ModernAppListener.java:219)
	at lucee.runtime.listener.MixedAppListener.onRequest(MixedAppListener.java:44)
	at lucee.runtime.PageContextImpl.execute(PageContextImpl.java:2493)
	at lucee.runtime.PageContextImpl._execute(PageContextImpl.java:2478)
	at lucee.runtime.PageContextImpl.executeCFML(PageContextImpl.java:2449)
	at lucee.runtime.engine.Request.exe(Request.java:45)
	at lucee.runtime.engine.CFMLEngineImpl._service(CFMLEngineImpl.java:1216)
	at lucee.runtime.engine.CFMLEngineImpl.serviceCFML(CFMLEngineImpl.java:1162)
	at lucee.loader.engine.CFMLEngineWrapper.serviceCFML(CFMLEngineWrapper.java:97)
	at lucee.loader.servlet.CFMLServlet.service(CFMLServlet.java:51)
..."
"ERROR","http-nio-8888-exec-4","02/28/2023","14:20:43","","invalid component definition, can't find component [./components/Greeting.cfc];lucee.runtime.exp.ExpressionException: invalid component definition, can't find component [./components/Greeting.cfc]
	at lucee.runtime.component.ComponentLoader._search(ComponentLoader.java:196)
	at lucee.runtime.component.ComponentLoader.searchComponent(ComponentLoader.java:82)
	at lucee.runtime.PageContextImpl.loadComponent(PageContextImpl.java:3280)
	at lucee.runtime.functions.other.CreateObject.doComponent(CreateObject.java:148)
	at lucee.runtime.functions.other.CreateObject.call(CreateObject.java:70)
	at lucee.runtime.functions.other.CreateObject.call(CreateObject.java:49)
	at componentcheck_cfm$cf.call(/componentCheck.cfm:2)
	at lucee.runtime.PageContextImpl._doInclude(PageContextImpl.java:1056)
	at lucee.runtime.PageContextImpl._doInclude(PageContextImpl.java:948)
	at lucee.runtime.listener.ModernAppListener._onRequest(ModernAppListener.java:219)
	at lucee.runtime.listener.MixedAppListener.onRequest(MixedAppListener.java:44)
	at lucee.runtime.PageContextImpl.execute(PageContextImpl.java:2493)
	at lucee.runtime.PageContextImpl._execute(PageContextImpl.java:2478)
	at lucee.runtime.PageContextImpl.executeCFML(PageContextImpl.java:2449)
	at lucee.runtime.engine.Request.exe(Request.java:45)
	at lucee.runtime.engine.CFMLEngineImpl._service(CFMLEngineImpl.java:1216)
	at lucee.runtime.engine.CFMLEngineImpl.serviceCFML(CFMLEngineImpl.java:1162)
	at lucee.loader.engine.CFMLEngineWrapper.serviceCFML(CFMLEngineWrapper.java:97)
	at lucee.loader.servlet.CFMLServlet.service(CFMLServlet.java:51)
..."
"ERROR","http-nio-8888-exec-3","02/28/2023","14:21:00","","invalid component definition, can't find component [./components];lucee.runtime.exp.ExpressionException: invalid component definition, can't find component [./components]
	at lucee.runtime.component.ComponentLoader._search(ComponentLoader.java:196)
	at lucee.runtime.component.ComponentLoader.searchComponent(ComponentLoader.java:82)
	at lucee.runtime.PageContextImpl.loadComponent(PageContextImpl.java:3280)
	at lucee.runtime.functions.other.CreateObject.doComponent(CreateObject.java:148)
	at lucee.runtime.functions.other.CreateObject.call(CreateObject.java:70)
	at lucee.runtime.functions.other.CreateObject.call(CreateObject.java:49)
	at componentcheck_cfm$cf$d.call(/componentCheck.cfm:2)
	at lucee.runtime.PageContextImpl._doInclude(PageContextImpl.java:1056)
	at lucee.runtime.PageContextImpl._doInclude(PageContextImpl.java:948)
	at lucee.runtime.listener.ModernAppListener._onRequest(ModernAppListener.java:219)
	at lucee.runtime.listener.MixedAppListener.onRequest(MixedAppListener.java:44)
	at lucee.runtime.PageContextImpl.execute(PageContextImpl.java:2493)
	at lucee.runtime.PageContextImpl._execute(PageContextImpl.java:2478)
	at lucee.runtime.PageContextImpl.executeCFML(PageContextImpl.java:2449)
	at lucee.runtime.engine.Request.exe(Request.java:45)
	at lucee.runtime.engine.CFMLEngineImpl._service(CFMLEngineImpl.java:1216)
	at lucee.runtime.engine.CFMLEngineImpl.serviceCFML(CFMLEngineImpl.java:1162)
	at lucee.loader.engine.CFMLEngineWrapper.serviceCFML(CFMLEngineWrapper.java:97)
	at lucee.loader.servlet.CFMLServlet.service(CFMLServlet.java:51)
..."
"ERROR","http-nio-8888-exec-6","02/28/2023","14:21:02","","invalid component definition, can't find component [./components];lucee.runtime.exp.ExpressionException: invalid component definition, can't find component [./components]
	at lucee.runtime.component.ComponentLoader._search(ComponentLoader.java:196)
	at lucee.runtime.component.ComponentLoader.searchComponent(ComponentLoader.java:82)
	at lucee.runtime.PageContextImpl.loadComponent(PageContextImpl.java:3280)
	at lucee.runtime.functions.other.CreateObject.doComponent(CreateObject.java:148)
	at lucee.runtime.functions.other.CreateObject.call(CreateObject.java:70)
	at lucee.runtime.functions.other.CreateObject.call(CreateObject.java:49)
	at componentcheck_cfm$cf$d.call(/componentCheck.cfm:2)
	at lucee.runtime.PageContextImpl._doInclude(PageContextImpl.java:1056)
	at lucee.runtime.PageContextImpl._doInclude(PageContextImpl.java:948)
	at lucee.runtime.listener.ModernAppListener._onRequest(ModernAppListener.java:219)
	at lucee.runtime.listener.MixedAppListener.onRequest(MixedAppListener.java:44)
	at lucee.runtime.PageContextImpl.execute(PageContextImpl.java:2493)
	at lucee.runtime.PageContextImpl._execute(PageContextImpl.java:2478)
	at lucee.runtime.PageContextImpl.executeCFML(PageContextImpl.java:2449)
	at lucee.runtime.engine.Request.exe(Request.java:45)
	at lucee.runtime.engine.CFMLEngineImpl._service(CFMLEngineImpl.java:1216)
	at lucee.runtime.engine.CFMLEngineImpl.serviceCFML(CFMLEngineImpl.java:1162)
	at lucee.loader.engine.CFMLEngineWrapper.serviceCFML(CFMLEngineWrapper.java:97)
	at lucee.loader.servlet.CFMLServlet.service(CFMLServlet.java:51)
..."
"ERROR","http-nio-8888-exec-7","02/28/2023","14:24:52","","invalid component definition, can't find component [components.Greeting];lucee.runtime.exp.ExpressionException: invalid component definition, can't find component [components.Greeting]
	at lucee.runtime.component.ComponentLoader._search(ComponentLoader.java:196)
	at lucee.runtime.component.ComponentLoader.searchComponent(ComponentLoader.java:82)
	at lucee.runtime.PageContextImpl.loadComponent(PageContextImpl.java:3280)
	at lucee.runtime.functions.other.CreateObject.doComponent(CreateObject.java:148)
	at lucee.runtime.functions.other.CreateObject.call(CreateObject.java:70)
	at lucee.runtime.functions.other.CreateObject.call(CreateObject.java:49)
	at componentcheck_cfm$cf$e.call(/componentCheck.cfm:2)
	at lucee.runtime.PageContextImpl._doInclude(PageContextImpl.java:1056)
	at lucee.runtime.PageContextImpl._doInclude(PageContextImpl.java:948)
	at lucee.runtime.listener.ModernAppListener._onRequest(ModernAppListener.java:219)
	at lucee.runtime.listener.MixedAppListener.onRequest(MixedAppListener.java:44)
	at lucee.runtime.PageContextImpl.execute(PageContextImpl.java:2493)
	at lucee.runtime.PageContextImpl._execute(PageContextImpl.java:2478)
	at lucee.runtime.PageContextImpl.executeCFML(PageContextImpl.java:2449)
	at lucee.runtime.engine.Request.exe(Request.java:45)
	at lucee.runtime.engine.CFMLEngineImpl._service(CFMLEngineImpl.java:1216)
	at lucee.runtime.engine.CFMLEngineImpl.serviceCFML(CFMLEngineImpl.java:1162)
	at lucee.loader.engine.CFMLEngineWrapper.serviceCFML(CFMLEngineWrapper.java:97)
	at lucee.loader.servlet.CFMLServlet.service(CFMLServlet.java:51)
..."
"ERROR","http-nio-8888-exec-6","02/28/2023","15:17:31","","variable [VARTITLE] doesn't exist;lucee.runtime.exp.ExpressionException: variable [VARTITLE] doesn't exist
	at lucee.runtime.type.scope.UndefinedImpl.get(UndefinedImpl.java:242)
	at lucee.runtime.type.scope.UndefinedImpl.get(UndefinedImpl.java:184)
	at learncoldfusion_cfm$cf$j.call(/learnColdFusion.cfm:4)
	at lucee.runtime.PageContextImpl._doInclude(PageContextImpl.java:1056)
	at lucee.runtime.PageContextImpl._doInclude(PageContextImpl.java:948)
	at lucee.runtime.listener.ModernAppListener._onRequest(ModernAppListener.java:219)
	at lucee.runtime.listener.MixedAppListener.onRequest(MixedAppListener.java:44)
	at lucee.runtime.PageContextImpl.execute(PageContextImpl.java:2493)
	at lucee.runtime.PageContextImpl._execute(PageContextImpl.java:2478)
	at lucee.runtime.PageContextImpl.executeCFML(PageContextImpl.java:2449)
	at lucee.runtime.engine.Request.exe(Request.java:45)
	at lucee.runtime.engine.CFMLEngineImpl._service(CFMLEngineImpl.java:1216)
	at lucee.runtime.engine.CFMLEngineImpl.serviceCFML(CFMLEngineImpl.java:1162)
	at lucee.loader.engine.CFMLEngineWrapper.serviceCFML(CFMLEngineWrapper.java:97)
	at lucee.loader.servlet.CFMLServlet.service(CFMLServlet.java:51)
..."
"ERROR","http-nio-8888-exec-7","02/28/2023","16:24:08","","key [USERNAME] doesn't exist;lucee.runtime.exp.ExpressionException: key [USERNAME] doesn't exist
	at lucee.runtime.type.util.StructSupport.invalidKey(StructSupport.java:67)
	at lucee.runtime.type.StructImpl.get(StructImpl.java:139)
	at pages.auth_cfm$cf.call(/pages/auth.cfm:4)
	at lucee.runtime.PageContextImpl._doInclude(PageContextImpl.java:1056)
	at lucee.runtime.PageContextImpl._doInclude(PageContextImpl.java:948)
	at lucee.runtime.listener.ModernAppListener._onRequest(ModernAppListener.java:219)
	at lucee.runtime.listener.MixedAppListener.onRequest(MixedAppListener.java:44)
	at lucee.runtime.PageContextImpl.execute(PageContextImpl.java:2493)
	at lucee.runtime.PageContextImpl._execute(PageContextImpl.java:2478)
	at lucee.runtime.PageContextImpl.executeCFML(PageContextImpl.java:2449)
	at lucee.runtime.engine.Request.exe(Request.java:45)
	at lucee.runtime.engine.CFMLEngineImpl._service(CFMLEngineImpl.java:1216)
	at lucee.runtime.engine.CFMLEngineImpl.serviceCFML(CFMLEngineImpl.java:1162)
	at lucee.loader.engine.CFMLEngineWrapper.serviceCFML(CFMLEngineWrapper.java:97)
	at lucee.loader.servlet.CFMLServlet.service(CFMLServlet.java:51)
..."
"ERROR","http-nio-8888-exec-8","02/28/2023","16:25:17","","key [USERNAME] doesn't exist;lucee.runtime.exp.ExpressionException: key [USERNAME] doesn't exist
	at lucee.runtime.type.util.StructSupport.invalidKey(StructSupport.java:67)
	at lucee.runtime.type.StructImpl.get(StructImpl.java:139)
	at pages.auth_cfm$cf.call(/pages/auth.cfm:4)
	at lucee.runtime.PageContextImpl._doInclude(PageContextImpl.java:1056)
	at lucee.runtime.PageContextImpl._doInclude(PageContextImpl.java:948)
	at lucee.runtime.listener.ModernAppListener._onRequest(ModernAppListener.java:219)
	at lucee.runtime.listener.MixedAppListener.onRequest(MixedAppListener.java:44)
	at lucee.runtime.PageContextImpl.execute(PageContextImpl.java:2493)
	at lucee.runtime.PageContextImpl._execute(PageContextImpl.java:2478)
	at lucee.runtime.PageContextImpl.executeCFML(PageContextImpl.java:2449)
	at lucee.runtime.engine.Request.exe(Request.java:45)
	at lucee.runtime.engine.CFMLEngineImpl._service(CFMLEngineImpl.java:1216)
	at lucee.runtime.engine.CFMLEngineImpl.serviceCFML(CFMLEngineImpl.java:1162)
	at lucee.loader.engine.CFMLEngineWrapper.serviceCFML(CFMLEngineWrapper.java:97)
	at lucee.loader.servlet.CFMLServlet.service(CFMLServlet.java:51)
..."
"ERROR","http-nio-8888-exec-7","03/01/2023","09:43:04","","key [TITLE] doesn't exist;lucee.runtime.exp.ExpressionException: key [TITLE] doesn't exist
	at lucee.runtime.type.util.StructSupport.invalidKey(StructSupport.java:67)
	at lucee.runtime.type.StructImpl.get(StructImpl.java:149)
	at lucee.runtime.util.VariableUtilImpl.get(VariableUtilImpl.java:278)
	at lucee.runtime.PageContextImpl.get(PageContextImpl.java:1567)
	at modules.mod_cfm$cf$u.call(/modules/mod.cfm:6)
	at lucee.runtime.PageContextImpl._doInclude(PageContextImpl.java:1056)
	at lucee.runtime.PageContextImpl._doInclude(PageContextImpl.java:948)
	at lucee.runtime.PageContextImpl.doInclude(PageContextImpl.java:940)
	at lucee.runtime.tag.CFTag.doInclude(CFTag.java:319)
	at lucee.runtime.tag.CFTag.cfmlStartTag(CFTag.java:245)
	at lucee.runtime.tag.CFTag.doStartTag(CFTag.java:179)
	at modules.index_cfm$cf.call(/modules/index.cfm:1)
	at lucee.runtime.PageContextImpl._doInclude(PageContextImpl.java:1056)
	at lucee.runtime.PageContextImpl._doInclude(PageContextImpl.java:948)
	at lucee.runtime.listener.ModernAppListener._onRequest(ModernAppListener.java:219)
	at lucee.runtime.listener.MixedAppListener.onRequest(MixedAppListener.java:44)
	at lucee.runtime.PageContextImpl.execute(PageContextImpl.java:2493)
	at lucee.runtime.PageContextImpl._execute(PageContextImpl.java:2478)
	at lucee.runtime.PageContextImpl.executeCFML(PageContextImpl.java:2449)
	at lucee.runtime.engine.Request.exe(Request.java:45)
	at lucee.runtime.engine.CFMLEngineImpl._service(CFMLEngineImpl.java:1216)
	at lucee.runtime.engine.CFMLEngineImpl.serviceCFML(CFMLEngineImpl.java:1162)
	at lucee.loader.engine.CFMLEngineWrapper.serviceCFML(CFMLEngineWrapper.java:97)
	at lucee.loader.servlet.CFMLServlet.service(CFMLServlet.java:51)
..."
"ERROR","http-nio-8888-exec-3","03/01/2023","10:45:58","","file or directory [C:/lucee/tomcat/webapps/ROOT/loops/resources/file.txt] does not exist;lucee.runtime.exp.ExpressionException: file or directory [C:/lucee/tomcat/webapps/ROOT/loops/resources/file.txt] does not exist
	at lucee.commons.io.res.util.ResourceUtil.toResourceExisting(ResourceUtil.java:229)
	at lucee.commons.io.res.util.ResourceUtil.toResourceExisting(ResourceUtil.java:192)
	at loops.index_cfm$cf$1a.call(/loops/index.cfm:28)
	at lucee.runtime.PageContextImpl._doInclude(PageContextImpl.java:1056)
	at lucee.runtime.PageContextImpl._doInclude(PageContextImpl.java:948)
	at lucee.runtime.listener.ModernAppListener._onRequest(ModernAppListener.java:219)
	at lucee.runtime.listener.MixedAppListener.onRequest(MixedAppListener.java:44)
	at lucee.runtime.PageContextImpl.execute(PageContextImpl.java:2493)
	at lucee.runtime.PageContextImpl._execute(PageContextImpl.java:2478)
	at lucee.runtime.PageContextImpl.executeCFML(PageContextImpl.java:2449)
	at lucee.runtime.engine.Request.exe(Request.java:45)
	at lucee.runtime.engine.CFMLEngineImpl._service(CFMLEngineImpl.java:1216)
	at lucee.runtime.engine.CFMLEngineImpl.serviceCFML(CFMLEngineImpl.java:1162)
	at lucee.loader.engine.CFMLEngineWrapper.serviceCFML(CFMLEngineWrapper.java:97)
	at lucee.loader.servlet.CFMLServlet.service(CFMLServlet.java:51)
..."
"ERROR","http-nio-8888-exec-5","03/01/2023","12:35:58","","variable [ITEM] doesn't exist;lucee.runtime.exp.ExpressionException: variable [ITEM] doesn't exist
	at lucee.runtime.type.scope.UndefinedImpl.get(UndefinedImpl.java:242)
	at lucee.runtime.type.scope.UndefinedImpl.get(UndefinedImpl.java:184)
	at loops.loopexample_cfm$cf.call(/loops/loopExample.cfm:19)
	at lucee.runtime.PageContextImpl._doInclude(PageContextImpl.java:1056)
	at lucee.runtime.PageContextImpl._doInclude(PageContextImpl.java:948)
	at lucee.runtime.listener.ModernAppListener._onRequest(ModernAppListener.java:219)
	at lucee.runtime.listener.MixedAppListener.onRequest(MixedAppListener.java:44)
	at lucee.runtime.PageContextImpl.execute(PageContextImpl.java:2493)
	at lucee.runtime.PageContextImpl._execute(PageContextImpl.java:2478)
	at lucee.runtime.PageContextImpl.executeCFML(PageContextImpl.java:2449)
	at lucee.runtime.engine.Request.exe(Request.java:45)
	at lucee.runtime.engine.CFMLEngineImpl._service(CFMLEngineImpl.java:1216)
	at lucee.runtime.engine.CFMLEngineImpl.serviceCFML(CFMLEngineImpl.java:1162)
	at lucee.loader.engine.CFMLEngineWrapper.serviceCFML(CFMLEngineWrapper.java:97)
	at lucee.loader.servlet.CFMLServlet.service(CFMLServlet.java:51)
..."
"ERROR","http-nio-8888-exec-4","03/01/2023","14:36:07","","variable [NUMLIST2] doesn't exist;lucee.runtime.exp.ExpressionException: variable [NUMLIST2] doesn't exist
	at lucee.runtime.type.scope.UndefinedImpl.get(UndefinedImpl.java:242)
	at lucee.runtime.type.scope.UndefinedImpl.get(UndefinedImpl.java:184)
	at loops.loopexample_cfm$cf$1m.call(/loops/loopExample.cfm:26)
	at lucee.runtime.PageContextImpl._doInclude(PageContextImpl.java:1056)
	at lucee.runtime.PageContextImpl._doInclude(PageContextImpl.java:948)
	at lucee.runtime.listener.ModernAppListener._onRequest(ModernAppListener.java:219)
	at lucee.runtime.listener.MixedAppListener.onRequest(MixedAppListener.java:44)
	at lucee.runtime.PageContextImpl.execute(PageContextImpl.java:2493)
	at lucee.runtime.PageContextImpl._execute(PageContextImpl.java:2478)
	at lucee.runtime.PageContextImpl.executeCFML(PageContextImpl.java:2449)
	at lucee.runtime.engine.Request.exe(Request.java:45)
	at lucee.runtime.engine.CFMLEngineImpl._service(CFMLEngineImpl.java:1216)
	at lucee.runtime.engine.CFMLEngineImpl.serviceCFML(CFMLEngineImpl.java:1162)
	at lucee.loader.engine.CFMLEngineWrapper.serviceCFML(CFMLEngineWrapper.java:97)
	at lucee.loader.servlet.CFMLServlet.service(CFMLServlet.java:51)
..."
"ERROR","http-nio-8888-exec-4","03/02/2023","11:33:38","","missing terminating [#] for expression;lucee.runtime.exp.TemplateException: missing terminating [#] for expression
	at lucee.transformer.cfml.tag.CFMLTransformer.literal(CFMLTransformer.java:504)
	at lucee.transformer.cfml.tag.CFMLTransformer.body(CFMLTransformer.java:393)
	at lucee.transformer.cfml.tag.CFMLTransformer.body(CFMLTransformer.java:397)
	at lucee.transformer.cfml.tag.CFMLTransformer.tag(CFMLTransformer.java:782)
	at lucee.transformer.cfml.tag.CFMLTransformer.body(CFMLTransformer.java:389)
	at lucee.transformer.cfml.tag.CFMLTransformer.body(CFMLTransformer.java:397)
	at lucee.transformer.cfml.tag.CFMLTransformer.transform(CFMLTransformer.java:327)
	at lucee.transformer.cfml.tag.CFMLTransformer.transform(CFMLTransformer.java:319)
	at lucee.transformer.cfml.tag.CFMLTransformer.transform(CFMLTransformer.java:175)
	at lucee.runtime.compiler.CFMLCompilerImpl._compile(CFMLCompilerImpl.java:104)
	at lucee.runtime.compiler.CFMLCompilerImpl.compile(CFMLCompilerImpl.java:76)
	at lucee.runtime.PageSourceImpl._compile(PageSourceImpl.java:446)
	at lucee.runtime.PageSourceImpl.compile(PageSourceImpl.java:413)
	at lucee.runtime.PageSourceImpl.loadPhysical(PageSourceImpl.java:331)
	at lucee.runtime.PageSourceImpl.loadPageThrowTemplateException(PageSourceImpl.java:237)
	at lucee.runtime.PageSourceImpl.loadPage(PageSourceImpl.java:1024)
	at lucee.runtime.PageContextImpl._doInclude(PageContextImpl.java:1051)
	at lucee.runtime.PageContextImpl._doInclude(PageContextImpl.java:948)
	at lucee.runtime.listener.ModernAppListener._onRequest(ModernAppListener.java:219)
	at lucee.runtime.listener.MixedAppListener.onRequest(MixedAppListener.java:44)
	at lucee.runtime.PageContextImpl.execute(PageContextImpl.java:2493)
	at lucee.runtime.PageContextImpl._execute(PageContextImpl.java:2478)
	at lucee.runtime.PageContextImpl.executeCFML(PageContextImpl.java:2449)
	at lucee.runtime.engine.Request.exe(Request.java:45)
	at lucee.runtime.engine.CFMLEngineImpl._service(CFMLEngineImpl.java:1216)
	at lucee.runtime.engine.CFMLEngineImpl.serviceCFML(CFMLEngineImpl.java:1162)
	at lucee.loader.engine.CFMLEngineWrapper.serviceCFML(CFMLEngineWrapper.java:97)
	at lucee.loader.servlet.CFMLServlet.service(CFMLServlet.java:51)
..."
"ERROR","http-nio-8888-exec-8","03/02/2023","11:46:45","","Can't cast String [myArray] to a value of type [Array];Can't cast String [myArray] to a value of type [Array]
Java type of the object is java.lang.String;lucee.runtime.exp.CasterException: Can't cast String [myArray] to a value of type [Array]
	at lucee.runtime.op.Caster.toArray(Caster.java:2451)
	at lessonlearn.array_cfm$cf.call(/LessonLearn/array.cfm:6)
	at lucee.runtime.PageContextImpl._doInclude(PageContextImpl.java:1056)
	at lucee.runtime.PageContextImpl._doInclude(PageContextImpl.java:948)
	at lucee.runtime.listener.ModernAppListener._onRequest(ModernAppListener.java:219)
	at lucee.runtime.listener.MixedAppListener.onRequest(MixedAppListener.java:44)
	at lucee.runtime.PageContextImpl.execute(PageContextImpl.java:2493)
	at lucee.runtime.PageContextImpl._execute(PageContextImpl.java:2478)
	at lucee.runtime.PageContextImpl.executeCFML(PageContextImpl.java:2449)
	at lucee.runtime.engine.Request.exe(Request.java:45)
	at lucee.runtime.engine.CFMLEngineImpl._service(CFMLEngineImpl.java:1216)
	at lucee.runtime.engine.CFMLEngineImpl.serviceCFML(CFMLEngineImpl.java:1162)
	at lucee.loader.engine.CFMLEngineWrapper.serviceCFML(CFMLEngineWrapper.java:97)
	at lucee.loader.servlet.CFMLServlet.service(CFMLServlet.java:51)
..."
"ERROR","http-nio-8888-exec-10","03/02/2023","11:56:28","","variable [ARRAY3] doesn't exist;lucee.runtime.exp.ExpressionException: variable [ARRAY3] doesn't exist
	at lucee.runtime.type.scope.UndefinedImpl.getCollection(UndefinedImpl.java:434)
	at lessonlearn.array_cfm$cf$33.call(/LessonLearn/array.cfm:28)
	at lucee.runtime.PageContextImpl._doInclude(PageContextImpl.java:1056)
	at lucee.runtime.PageContextImpl._doInclude(PageContextImpl.java:948)
	at lucee.runtime.listener.ModernAppListener._onRequest(ModernAppListener.java:219)
	at lucee.runtime.listener.MixedAppListener.onRequest(MixedAppListener.java:44)
	at lucee.runtime.PageContextImpl.execute(PageContextImpl.java:2493)
	at lucee.runtime.PageContextImpl._execute(PageContextImpl.java:2478)
	at lucee.runtime.PageContextImpl.executeCFML(PageContextImpl.java:2449)
	at lucee.runtime.engine.Request.exe(Request.java:45)
	at lucee.runtime.engine.CFMLEngineImpl._service(CFMLEngineImpl.java:1216)
	at lucee.runtime.engine.CFMLEngineImpl.serviceCFML(CFMLEngineImpl.java:1162)
	at lucee.loader.engine.CFMLEngineWrapper.serviceCFML(CFMLEngineWrapper.java:97)
	at lucee.loader.servlet.CFMLServlet.service(CFMLServlet.java:51)
..."
"ERROR","http-nio-8888-exec-1","03/02/2023","11:59:30","","variable [LIST] doesn't exist;lucee.runtime.exp.ExpressionException: variable [LIST] doesn't exist
	at lucee.runtime.type.scope.UndefinedImpl.get(UndefinedImpl.java:242)
	at lucee.runtime.type.scope.UndefinedImpl.get(UndefinedImpl.java:184)
	at lessonlearn.array_cfm$cf$36.call(/LessonLearn/array.cfm:38)
	at lucee.runtime.PageContextImpl._doInclude(PageContextImpl.java:1056)
	at lucee.runtime.PageContextImpl._doInclude(PageContextImpl.java:948)
	at lucee.runtime.listener.ModernAppListener._onRequest(ModernAppListener.java:219)
	at lucee.runtime.listener.MixedAppListener.onRequest(MixedAppListener.java:44)
	at lucee.runtime.PageContextImpl.execute(PageContextImpl.java:2493)
	at lucee.runtime.PageContextImpl._execute(PageContextImpl.java:2478)
	at lucee.runtime.PageContextImpl.executeCFML(PageContextImpl.java:2449)
	at lucee.runtime.engine.Request.exe(Request.java:45)
	at lucee.runtime.engine.CFMLEngineImpl._service(CFMLEngineImpl.java:1216)
	at lucee.runtime.engine.CFMLEngineImpl.serviceCFML(CFMLEngineImpl.java:1162)
	at lucee.loader.engine.CFMLEngineWrapper.serviceCFML(CFMLEngineWrapper.java:97)
	at lucee.loader.servlet.CFMLServlet.service(CFMLServlet.java:51)
..."
"ERROR","http-nio-8888-exec-10","03/02/2023","12:15:23","","variable [TITLE] doesn't exist;lucee.runtime.exp.ExpressionException: variable [TITLE] doesn't exist
	at lucee.runtime.type.scope.UndefinedImpl.get(UndefinedImpl.java:242)
	at lucee.runtime.type.scope.UndefinedImpl.get(UndefinedImpl.java:184)
	at lessonlearn.header_cfm$cf.call(/LessonLearn/header.cfm:1)
	at lucee.runtime.PageContextImpl._doInclude(PageContextImpl.java:1056)
	at lucee.runtime.PageContextImpl._doInclude(PageContextImpl.java:948)
	at lucee.runtime.listener.ModernAppListener._onRequest(ModernAppListener.java:219)
	at lucee.runtime.listener.MixedAppListener.onRequest(MixedAppListener.java:44)
	at lucee.runtime.PageContextImpl.execute(PageContextImpl.java:2493)
	at lucee.runtime.PageContextImpl._execute(PageContextImpl.java:2478)
	at lucee.runtime.PageContextImpl.executeCFML(PageContextImpl.java:2449)
	at lucee.runtime.engine.Request.exe(Request.java:45)
	at lucee.runtime.engine.CFMLEngineImpl._service(CFMLEngineImpl.java:1216)
	at lucee.runtime.engine.CFMLEngineImpl.serviceCFML(CFMLEngineImpl.java:1162)
	at lucee.loader.engine.CFMLEngineWrapper.serviceCFML(CFMLEngineWrapper.java:97)
	at lucee.loader.servlet.CFMLServlet.service(CFMLServlet.java:51)
..."
"ERROR","http-nio-8888-exec-3","03/02/2023","12:15:39","","variable [TITLE] doesn't exist;lucee.runtime.exp.ExpressionException: variable [TITLE] doesn't exist
	at lucee.runtime.type.scope.UndefinedImpl.get(UndefinedImpl.java:242)
	at lucee.runtime.type.scope.UndefinedImpl.get(UndefinedImpl.java:184)
	at lessonlearn.header_cfm$cf.call(/LessonLearn/header.cfm:1)
	at lucee.runtime.PageContextImpl._doInclude(PageContextImpl.java:1056)
	at lucee.runtime.PageContextImpl._doInclude(PageContextImpl.java:948)
	at lucee.runtime.listener.ModernAppListener._onRequest(ModernAppListener.java:219)
	at lucee.runtime.listener.MixedAppListener.onRequest(MixedAppListener.java:44)
	at lucee.runtime.PageContextImpl.execute(PageContextImpl.java:2493)
	at lucee.runtime.PageContextImpl._execute(PageContextImpl.java:2478)
	at lucee.runtime.PageContextImpl.executeCFML(PageContextImpl.java:2449)
	at lucee.runtime.engine.Request.exe(Request.java:45)
	at lucee.runtime.engine.CFMLEngineImpl._service(CFMLEngineImpl.java:1216)
	at lucee.runtime.engine.CFMLEngineImpl.serviceCFML(CFMLEngineImpl.java:1162)
	at lucee.loader.engine.CFMLEngineWrapper.serviceCFML(CFMLEngineWrapper.java:97)
	at lucee.loader.servlet.CFMLServlet.service(CFMLServlet.java:51)
..."
"ERROR","http-nio-8888-exec-9","03/02/2023","13:17:38","","variable [TESTDIRECTORY] doesn't exist;lucee.runtime.exp.ExpressionException: variable [TESTDIRECTORY] doesn't exist
	at lucee.runtime.type.scope.UndefinedImpl.get(UndefinedImpl.java:242)
	at lucee.runtime.type.scope.UndefinedImpl.get(UndefinedImpl.java:184)
	at lessonlearn.testdirectory_cfm$cf.call(/LessonLearn/testDirectory.cfm:7)
	at lucee.runtime.PageContextImpl._doInclude(PageContextImpl.java:1056)
	at lucee.runtime.PageContextImpl._doInclude(PageContextImpl.java:948)
	at lucee.runtime.listener.ModernAppListener._onRequest(ModernAppListener.java:219)
	at lucee.runtime.listener.MixedAppListener.onRequest(MixedAppListener.java:44)
	at lucee.runtime.PageContextImpl.execute(PageContextImpl.java:2493)
	at lucee.runtime.PageContextImpl._execute(PageContextImpl.java:2478)
	at lucee.runtime.PageContextImpl.executeCFML(PageContextImpl.java:2449)
	at lucee.runtime.engine.Request.exe(Request.java:45)
	at lucee.runtime.engine.CFMLEngineImpl._service(CFMLEngineImpl.java:1216)
	at lucee.runtime.engine.CFMLEngineImpl.serviceCFML(CFMLEngineImpl.java:1162)
	at lucee.loader.engine.CFMLEngineWrapper.serviceCFML(CFMLEngineWrapper.java:97)
	at lucee.loader.servlet.CFMLServlet.service(CFMLServlet.java:51)
..."
"ERROR","http-nio-8888-exec-6","03/02/2023","13:53:29","","End Tag [cfif] not closed;lucee.runtime.exp.TemplateException: End Tag [cfif] not closed
	at lucee.transformer.cfml.tag.CFMLTransformer.tag(CFMLTransformer.java:819)
	at lucee.transformer.cfml.tag.CFMLTransformer.body(CFMLTransformer.java:389)
	at lucee.transformer.cfml.tag.CFMLTransformer.body(CFMLTransformer.java:397)
	at lucee.transformer.cfml.tag.CFMLTransformer.tag(CFMLTransformer.java:782)
	at lucee.transformer.cfml.tag.CFMLTransformer.body(CFMLTransformer.java:389)
	at lucee.transformer.cfml.tag.CFMLTransformer.body(CFMLTransformer.java:397)
	at lucee.transformer.cfml.tag.CFMLTransformer.tag(CFMLTransformer.java:782)
	at lucee.transformer.cfml.tag.CFMLTransformer.body(CFMLTransformer.java:389)
	at lucee.transformer.cfml.tag.CFMLTransformer.body(CFMLTransformer.java:397)
	at lucee.transformer.cfml.tag.CFMLTransformer.body(CFMLTransformer.java:397)
	at lucee.transformer.cfml.tag.CFMLTransformer.transform(CFMLTransformer.java:327)
	at lucee.transformer.cfml.tag.CFMLTransformer.transform(CFMLTransformer.java:319)
	at lucee.transformer.cfml.tag.CFMLTransformer.transform(CFMLTransformer.java:175)
	at lucee.runtime.compiler.CFMLCompilerImpl._compile(CFMLCompilerImpl.java:104)
	at lucee.runtime.compiler.CFMLCompilerImpl.compile(CFMLCompilerImpl.java:76)
	at lucee.runtime.PageSourceImpl._compile(PageSourceImpl.java:446)
	at lucee.runtime.PageSourceImpl.compile(PageSourceImpl.java:413)
	at lucee.runtime.PageSourceImpl.loadPhysical(PageSourceImpl.java:331)
	at lucee.runtime.PageSourceImpl.loadPageThrowTemplateException(PageSourceImpl.java:237)
	at lucee.runtime.PageSourceImpl.loadPage(PageSourceImpl.java:1024)
	at lucee.runtime.PageContextImpl._doInclude(PageContextImpl.java:1051)
	at lucee.runtime.PageContextImpl._doInclude(PageContextImpl.java:948)
	at lucee.runtime.listener.ModernAppListener._onRequest(ModernAppListener.java:219)
	at lucee.runtime.listener.MixedAppListener.onRequest(MixedAppListener.java:44)
	at lucee.runtime.PageContextImpl.execute(PageContextImpl.java:2493)
	at lucee.runtime.PageContextImpl._execute(PageContextImpl.java:2478)
	at lucee.runtime.PageContextImpl.executeCFML(PageContextImpl.java:2449)
	at lucee.runtime.engine.Request.exe(Request.java:45)
	at lucee.runtime.engine.CFMLEngineImpl._service(CFMLEngineImpl.java:1216)
	at lucee.runtime.engine.CFMLEngineImpl.serviceCFML(CFMLEngineImpl.java:1162)
	at lucee.loader.engine.CFMLEngineWrapper.serviceCFML(CFMLEngineWrapper.java:97)
	at lucee.loader.servlet.CFMLServlet.service(CFMLServlet.java:51)
..."
"ERROR","http-nio-8888-exec-1","03/02/2023","14:08:55","","Simple attribute value can't contain [""];lucee.runtime.exp.TemplateException: Simple attribute value can't contain [""]
	at lucee.transformer.cfml.expression.AbstrCFMLExprTransformer.simple(AbstrCFMLExprTransformer.java:1929)
	at lucee.transformer.cfml.expression.AbstrCFMLExprTransformer.transformAsString(AbstrCFMLExprTransformer.java:234)
	at lucee.transformer.cfml.expression.CFMLExprTransformer.transformAsString(CFMLExprTransformer.java:35)
	at lucee.transformer.cfml.tag.CFMLTransformer.attributeValue(CFMLTransformer.java:1239)
	at lucee.transformer.cfml.tag.CFMLTransformer.attribute(CFMLTransformer.java:1110)
	at lucee.transformer.cfml.tag.CFMLTransformer.attributes(CFMLTransformer.java:974)
	at lucee.transformer.cfml.tag.CFMLTransformer.tag(CFMLTransformer.java:688)
	at lucee.transformer.cfml.tag.CFMLTransformer.body(CFMLTransformer.java:389)
	at lucee.transformer.cfml.tag.CFMLTransformer.body(CFMLTransformer.java:397)
	at lucee.transformer.cfml.tag.CFMLTransformer.tag(CFMLTransformer.java:782)
	at lucee.transformer.cfml.tag.CFMLTransformer.body(CFMLTransformer.java:389)
	at lucee.transformer.cfml.tag.CFMLTransformer.body(CFMLTransformer.java:397)
	at lucee.transformer.cfml.tag.CFMLTransformer.tag(CFMLTransformer.java:782)
	at lucee.transformer.cfml.tag.CFMLTransformer.body(CFMLTransformer.java:389)
	at lucee.transformer.cfml.tag.CFMLTransformer.body(CFMLTransformer.java:397)
	at lucee.transformer.cfml.tag.CFMLTransformer.body(CFMLTransformer.java:397)
	at lucee.transformer.cfml.tag.CFMLTransformer.transform(CFMLTransformer.java:327)
	at lucee.transformer.cfml.tag.CFMLTransformer.transform(CFMLTransformer.java:319)
	at lucee.transformer.cfml.tag.CFMLTransformer.transform(CFMLTransformer.java:175)
	at lucee.runtime.compiler.CFMLCompilerImpl._compile(CFMLCompilerImpl.java:104)
	at lucee.runtime.compiler.CFMLCompilerImpl.compile(CFMLCompilerImpl.java:76)
	at lucee.runtime.PageSourceImpl._compile(PageSourceImpl.java:446)
	at lucee.runtime.PageSourceImpl.compile(PageSourceImpl.java:413)
	at lucee.runtime.PageSourceImpl.loadPhysical(PageSourceImpl.java:331)
	at lucee.runtime.PageSourceImpl.loadPageThrowTemplateException(PageSourceImpl.java:237)
	at lucee.runtime.PageSourceImpl.loadPage(PageSourceImpl.java:1024)
	at lucee.runtime.PageContextImpl._doInclude(PageContextImpl.java:1051)
	at lucee.runtime.PageContextImpl._doInclude(PageContextImpl.java:948)
	at lucee.runtime.listener.ModernAppListener._onRequest(ModernAppListener.java:219)
	at lucee.runtime.listener.MixedAppListener.onRequest(MixedAppListener.java:44)
	at lucee.runtime.PageContextImpl.execute(PageContextImpl.java:2493)
	at lucee.runtime.PageContextImpl._execute(PageContextImpl.java:2478)
	at lucee.runtime.PageContextImpl.executeCFML(PageContextImpl.java:2449)
	at lucee.runtime.engine.Request.exe(Request.java:45)
	at lucee.runtime.engine.CFMLEngineImpl._service(CFMLEngineImpl.java:1216)
	at lucee.runtime.engine.CFMLEngineImpl.serviceCFML(CFMLEngineImpl.java:1162)
	at lucee.loader.engine.CFMLEngineWrapper.serviceCFML(CFMLEngineWrapper.java:97)
	at lucee.loader.servlet.CFMLServlet.service(CFMLServlet.java:51)
..."
"ERROR","http-nio-8888-exec-2","03/02/2023","14:58:54","","datasource [test] doesn't exist;datasource [test] doesn't exist
available datasource names are [CRMS];lucee.runtime.exp.DatabaseException: datasource [test] doesn't exist
	at lucee.runtime.exp.DatabaseException.notFoundException(DatabaseException.java:195)
	at lucee.runtime.PageContextImpl.getDataSource(PageContextImpl.java:3591)
	at lucee.runtime.tag.Query.toDatasource(Query.java:251)
	at lucee.runtime.tag.Query.setDatasource(Query.java:243)
	at lessonlearn.testdata.people_cfm$cf.call(/LessonLearn/testData/people.cfm:5)
	at lucee.runtime.PageContextImpl._doInclude(PageContextImpl.java:1056)
	at lucee.runtime.PageContextImpl._doInclude(PageContextImpl.java:948)
	at lucee.runtime.listener.ModernAppListener._onRequest(ModernAppListener.java:219)
	at lucee.runtime.listener.MixedAppListener.onRequest(MixedAppListener.java:44)
	at lucee.runtime.PageContextImpl.execute(PageContextImpl.java:2493)
	at lucee.runtime.PageContextImpl._execute(PageContextImpl.java:2478)
	at lucee.runtime.PageContextImpl.executeCFML(PageContextImpl.java:2449)
	at lucee.runtime.engine.Request.exe(Request.java:45)
	at lucee.runtime.engine.CFMLEngineImpl._service(CFMLEngineImpl.java:1216)
	at lucee.runtime.engine.CFMLEngineImpl.serviceCFML(CFMLEngineImpl.java:1162)
	at lucee.loader.engine.CFMLEngineWrapper.serviceCFML(CFMLEngineWrapper.java:97)
	at lucee.loader.servlet.CFMLServlet.service(CFMLServlet.java:51)
..."
"ERROR","http-nio-8888-exec-10","03/02/2023","15:00:09","","datasource [test] doesn't exist;datasource [test] doesn't exist
available datasource names are [CRMS];lucee.runtime.exp.DatabaseException: datasource [test] doesn't exist
	at lucee.runtime.exp.DatabaseException.notFoundException(DatabaseException.java:195)
	at lucee.runtime.PageContextImpl.getDataSource(PageContextImpl.java:3591)
	at lucee.runtime.tag.Query.toDatasource(Query.java:251)
	at lucee.runtime.tag.Query.setDatasource(Query.java:243)
	at lessonlearn.testdata.people_cfm$cf$4a.call(/LessonLearn/testData/people.cfm:5)
	at lucee.runtime.PageContextImpl._doInclude(PageContextImpl.java:1056)
	at lucee.runtime.PageContextImpl._doInclude(PageContextImpl.java:948)
	at lucee.runtime.listener.ModernAppListener._onRequest(ModernAppListener.java:219)
	at lucee.runtime.listener.MixedAppListener.onRequest(MixedAppListener.java:44)
	at lucee.runtime.PageContextImpl.execute(PageContextImpl.java:2493)
	at lucee.runtime.PageContextImpl._execute(PageContextImpl.java:2478)
	at lucee.runtime.PageContextImpl.executeCFML(PageContextImpl.java:2449)
	at lucee.runtime.engine.Request.exe(Request.java:45)
	at lucee.runtime.engine.CFMLEngineImpl._service(CFMLEngineImpl.java:1216)
	at lucee.runtime.engine.CFMLEngineImpl.serviceCFML(CFMLEngineImpl.java:1162)
	at lucee.loader.engine.CFMLEngineWrapper.serviceCFML(CFMLEngineWrapper.java:97)
	at lucee.loader.servlet.CFMLServlet.service(CFMLServlet.java:51)
..."
"ERROR","http-nio-8888-exec-3","03/02/2023","15:00:10","","datasource [test] doesn't exist;datasource [test] doesn't exist
available datasource names are [CRMS];lucee.runtime.exp.DatabaseException: datasource [test] doesn't exist
	at lucee.runtime.exp.DatabaseException.notFoundException(DatabaseException.java:195)
	at lucee.runtime.PageContextImpl.getDataSource(PageContextImpl.java:3591)
	at lucee.runtime.tag.Query.toDatasource(Query.java:251)
	at lucee.runtime.tag.Query.setDatasource(Query.java:243)
	at lessonlearn.testdata.people_cfm$cf$4a.call(/LessonLearn/testData/people.cfm:5)
	at lucee.runtime.PageContextImpl._doInclude(PageContextImpl.java:1056)
	at lucee.runtime.PageContextImpl._doInclude(PageContextImpl.java:948)
	at lucee.runtime.listener.ModernAppListener._onRequest(ModernAppListener.java:219)
	at lucee.runtime.listener.MixedAppListener.onRequest(MixedAppListener.java:44)
	at lucee.runtime.PageContextImpl.execute(PageContextImpl.java:2493)
	at lucee.runtime.PageContextImpl._execute(PageContextImpl.java:2478)
	at lucee.runtime.PageContextImpl.executeCFML(PageContextImpl.java:2449)
	at lucee.runtime.engine.Request.exe(Request.java:45)
	at lucee.runtime.engine.CFMLEngineImpl._service(CFMLEngineImpl.java:1216)
	at lucee.runtime.engine.CFMLEngineImpl.serviceCFML(CFMLEngineImpl.java:1162)
	at lucee.loader.engine.CFMLEngineWrapper.serviceCFML(CFMLEngineWrapper.java:97)
	at lucee.loader.servlet.CFMLServlet.service(CFMLServlet.java:51)
..."
"ERROR","http-nio-8888-exec-1","03/02/2023","15:03:38","","Access denied for user 'request.un'@'localhost' (using password: YES);lucee.runtime.exp.DatabaseException: Access denied for user 'request.un'@'localhost' (using password: YES)
	at com.mysql.cj.jdbc.exceptions.SQLError.createSQLException(SQLError.java:129)
	at com.mysql.cj.jdbc.exceptions.SQLExceptionsMapping.translateException(SQLExceptionsMapping.java:122)
	at com.mysql.cj.jdbc.ConnectionImpl.createNewIO(ConnectionImpl.java:828)
	at com.mysql.cj.jdbc.ConnectionImpl.<init>(ConnectionImpl.java:448)
	at com.mysql.cj.jdbc.ConnectionImpl.getInstance(ConnectionImpl.java:241)
	at com.mysql.cj.jdbc.NonRegisteringDriver.connect(NonRegisteringDriver.java:198)
	at lucee.runtime.db.DataSourceSupport._getConnection(DataSourceSupport.java:139)
	at lucee.runtime.db.DataSourceSupport.getConnection(DataSourceSupport.java:103)
	at lucee.runtime.db.DatasourceConnectionPool.loadDatasourceConnection(DatasourceConnectionPool.java:158)
	at lucee.runtime.db.DatasourceConnectionPool.getDatasourceConnection(DatasourceConnectionPool.java:119)
	at lucee.runtime.db.DatasourceManagerImpl.getConnection(DatasourceManagerImpl.java:82)
	at lucee.runtime.tag.Query.executeDatasoure(Query.java:1120)
	at lucee.runtime.tag.Query._doEndTag(Query.java:700)
	at lucee.runtime.tag.Query.doEndTag(Query.java:566)
	at lessonlearn.testdata.people_cfm$cf$4m.call(/LessonLearn/testData/people.cfm:12)
	at lucee.runtime.PageContextImpl._doInclude(PageContextImpl.java:1056)
	at lucee.runtime.PageContextImpl._doInclude(PageContextImpl.java:948)
	at lucee.runtime.listener.ModernAppListener._onRequest(ModernAppListener.java:219)
	at lucee.runtime.listener.MixedAppListener.onRequest(MixedAppListener.java:44)
	at lucee.runtime.PageContextImpl.execute(PageContextImpl.java:2493)
	at lucee.runtime.PageContextImpl._execute(PageContextImpl.java:2478)
	at lucee.runtime.PageContextImpl.executeCFML(PageContextImpl.java:2449)
	at lucee.runtime.engine.Request.exe(Request.java:45)
	at lucee.runtime.engine.CFMLEngineImpl._service(CFMLEngineImpl.java:1216)
	at lucee.runtime.engine.CFMLEngineImpl.serviceCFML(CFMLEngineImpl.java:1162)
	at lucee.loader.engine.CFMLEngineWrapper.serviceCFML(CFMLEngineWrapper.java:97)
	at lucee.loader.servlet.CFMLServlet.service(CFMLServlet.java:51)
	at javax.servlet.http.HttpServlet.service(HttpServlet.java:779)
	at org.apache.catalina.core.ApplicationFilterChain.internalDoFilter(ApplicationFilterChain.java:227)
	at org.apache.catalina.core.ApplicationFilterChain.doFilter(ApplicationFilterChain.java:162)
	at org.apache.tomcat.websocket.server.WsFilter.doFilter(WsFilter.java:53)
	at org.apache.catalina.core.ApplicationFilterChain.internalDoFilter(ApplicationFilterChain.java:189)
	at org.apache.catalina.core.ApplicationFilterChain.doFilter(ApplicationFilterChain.java:162)
	at org.apache.catalina.core.StandardWrapperValve.invoke(StandardWrapperValve.java:177)
	at org.apache.catalina.core.StandardContextValve.invoke(StandardContextValve.java:97)
	at org.apache.catalina.authenticator.AuthenticatorBase.invoke(AuthenticatorBase.java:541)
	at org.apache.catalina.core.StandardHostValve.invoke(StandardHostValve.java:135)
	at org.apache.catalina.valves.ErrorReportValve.invoke(ErrorReportValve.java:92)
	at mod_cfml.core.invoke(core.java:180)
	at org.apache.catalina.valves.AbstractAccessLogValve.invoke(AbstractAccessLogValve.java:687)
	at org.apache.catalina.core.StandardEngineValve.invoke(StandardEngineValve.java:78)
	at org.apache.catalina.connector.CoyoteAdapter.service(CoyoteAdapter.java:360)
	at org.apache.coyote.http11.Http11Processor.service(Http11Processor.java:399)
	at org.apache.coyote.AbstractProcessorLight.process(AbstractProcessorLight.java:65)
	at org.apache.coyote.AbstractProtocol$ConnectionHandler.process(AbstractProtocol.java:891)
	at org.apache.tomcat.util.net.NioEndpoint$SocketProcessor.doRun(NioEndpoint.java:1784)
	at org.apache.tomcat.util.net.SocketProcessorBase.run(SocketProcessorBase.java:49)
	at org.apache.tomcat.util.threads.ThreadPoolExecutor.runWorker(ThreadPoolExecutor.java:1191)
	at org.apache.tomcat.util.threads.ThreadPoolExecutor$Worker.run(ThreadPoolExecutor.java:659)
	at org.apache.tomcat.util.threads.TaskThread$WrappingRunnable.run(TaskThread.java:61)
	at java.base/java.lang.Thread.run(Unknown Source)
Caused by: java.sql.SQLException: Access denied for user 'request.un'@'localhost' (using password: YES)
	... 51 more
"
"ERROR","http-nio-8888-exec-8","03/02/2023","15:30:51","","Attribute [value] from tag [queryparam] is required when attribute [null] is false;lucee.runtime.exp.ApplicationException: Attribute [value] from tag [queryparam] is required when attribute [null] is false
	at lucee.runtime.tag.QueryParam.doStartTag(QueryParam.java:194)
	at lessonlearn.testdata.people_cfm$cf$4r.call(/LessonLearn/testData/people.cfm:40)
	at lucee.runtime.PageContextImpl._doInclude(PageContextImpl.java:1056)
	at lucee.runtime.PageContextImpl._doInclude(PageContextImpl.java:948)
	at lucee.runtime.listener.ModernAppListener._onRequest(ModernAppListener.java:219)
	at lucee.runtime.listener.MixedAppListener.onRequest(MixedAppListener.java:44)
	at lucee.runtime.PageContextImpl.execute(PageContextImpl.java:2493)
	at lucee.runtime.PageContextImpl._execute(PageContextImpl.java:2478)
	at lucee.runtime.PageContextImpl.executeCFML(PageContextImpl.java:2449)
	at lucee.runtime.engine.Request.exe(Request.java:45)
	at lucee.runtime.engine.CFMLEngineImpl._service(CFMLEngineImpl.java:1216)
	at lucee.runtime.engine.CFMLEngineImpl.serviceCFML(CFMLEngineImpl.java:1162)
	at lucee.loader.engine.CFMLEngineWrapper.serviceCFML(CFMLEngineWrapper.java:97)
	at lucee.loader.servlet.CFMLServlet.service(CFMLServlet.java:51)
..."
"ERROR","http-nio-8888-exec-4","03/02/2023","16:14:14","","Attribute [colheader] is not allowed for tag [cftable];Attribute [colheader] is not allowed for tag [cftable]
valid attribute names are [query,maxrows,colspacing,headerlines,htmltable,border,colheaders,startrow];lucee.runtime.exp.TemplateException: Attribute [colheader] is not allowed for tag [cftable]
	at lucee.transformer.cfml.tag.CFMLTransformer.createTemplateException(CFMLTransformer.java:1285)
	at lucee.transformer.cfml.tag.CFMLTransformer.attributeName(CFMLTransformer.java:1180)
	at lucee.transformer.cfml.tag.CFMLTransformer.attribute(CFMLTransformer.java:1093)
	at lucee.transformer.cfml.tag.CFMLTransformer.attributes(CFMLTransformer.java:974)
	at lucee.transformer.cfml.tag.CFMLTransformer.tag(CFMLTransformer.java:688)
	at lucee.transformer.cfml.tag.CFMLTransformer.body(CFMLTransformer.java:389)
	at lucee.transformer.cfml.tag.CFMLTransformer.body(CFMLTransformer.java:397)
	at lucee.transformer.cfml.tag.CFMLTransformer.body(CFMLTransformer.java:397)
	at lucee.transformer.cfml.tag.CFMLTransformer.body(CFMLTransformer.java:397)
	at lucee.transformer.cfml.tag.CFMLTransformer.body(CFMLTransformer.java:397)
	at lucee.transformer.cfml.tag.CFMLTransformer.body(CFMLTransformer.java:397)
	at lucee.transformer.cfml.tag.CFMLTransformer.body(CFMLTransformer.java:397)
	at lucee.transformer.cfml.tag.CFMLTransformer.body(CFMLTransformer.java:397)
	at lucee.transformer.cfml.tag.CFMLTransformer.transform(CFMLTransformer.java:327)
	at lucee.transformer.cfml.tag.CFMLTransformer.transform(CFMLTransformer.java:319)
	at lucee.transformer.cfml.tag.CFMLTransformer.transform(CFMLTransformer.java:175)
	at lucee.runtime.compiler.CFMLCompilerImpl._compile(CFMLCompilerImpl.java:104)
	at lucee.runtime.compiler.CFMLCompilerImpl.compile(CFMLCompilerImpl.java:76)
	at lucee.runtime.PageSourceImpl._compile(PageSourceImpl.java:446)
	at lucee.runtime.PageSourceImpl.compile(PageSourceImpl.java:413)
	at lucee.runtime.PageSourceImpl.loadPhysical(PageSourceImpl.java:392)
	at lucee.runtime.PageSourceImpl.loadPageThrowTemplateException(PageSourceImpl.java:237)
	at lucee.runtime.PageSourceImpl.loadPage(PageSourceImpl.java:1024)
	at lucee.runtime.PageContextImpl._doInclude(PageContextImpl.java:1051)
	at lucee.runtime.PageContextImpl._doInclude(PageContextImpl.java:948)
	at lucee.runtime.listener.ModernAppListener._onRequest(ModernAppListener.java:219)
	at lucee.runtime.listener.MixedAppListener.onRequest(MixedAppListener.java:44)
	at lucee.runtime.PageContextImpl.execute(PageContextImpl.java:2493)
	at lucee.runtime.PageContextImpl._execute(PageContextImpl.java:2478)
	at lucee.runtime.PageContextImpl.executeCFML(PageContextImpl.java:2449)
	at lucee.runtime.engine.Request.exe(Request.java:45)
	at lucee.runtime.engine.CFMLEngineImpl._service(CFMLEngineImpl.java:1216)
	at lucee.runtime.engine.CFMLEngineImpl.serviceCFML(CFMLEngineImpl.java:1162)
	at lucee.loader.engine.CFMLEngineWrapper.serviceCFML(CFMLEngineWrapper.java:97)
	at lucee.loader.servlet.CFMLServlet.service(CFMLServlet.java:51)
..."
"ERROR","http-nio-8888-exec-2","03/03/2023","09:46:10","","key [ID] doesn't exist;lucee.runtime.exp.ExpressionException: key [ID] doesn't exist
	at lucee.runtime.type.util.StructSupport.invalidKey(StructSupport.java:67)
	at lucee.runtime.type.StructImpl.get(StructImpl.java:139)
	at lessonlearn.testdata.people_cfm$cf$54.call(/LessonLearn/testData/people.cfm:29)
	at lucee.runtime.PageContextImpl._doInclude(PageContextImpl.java:1056)
	at lucee.runtime.PageContextImpl._doInclude(PageContextImpl.java:948)
	at lucee.runtime.listener.ModernAppListener._onRequest(ModernAppListener.java:219)
	at lucee.runtime.listener.MixedAppListener.onRequest(MixedAppListener.java:44)
	at lucee.runtime.PageContextImpl.execute(PageContextImpl.java:2493)
	at lucee.runtime.PageContextImpl._execute(PageContextImpl.java:2478)
	at lucee.runtime.PageContextImpl.executeCFML(PageContextImpl.java:2449)
	at lucee.runtime.engine.Request.exe(Request.java:45)
	at lucee.runtime.engine.CFMLEngineImpl._service(CFMLEngineImpl.java:1216)
	at lucee.runtime.engine.CFMLEngineImpl.serviceCFML(CFMLEngineImpl.java:1162)
	at lucee.loader.engine.CFMLEngineWrapper.serviceCFML(CFMLEngineWrapper.java:97)
	at lucee.loader.servlet.CFMLServlet.service(CFMLServlet.java:51)
..."
"ERROR","http-nio-8888-exec-7","03/03/2023","09:48:52","","key [ID] doesn't exist;lucee.runtime.exp.ExpressionException: key [ID] doesn't exist
	at lucee.runtime.type.util.StructSupport.invalidKey(StructSupport.java:67)
	at lucee.runtime.type.StructImpl.get(StructImpl.java:139)
	at lessonlearn.testdata.people_cfm$cf$56.call(/LessonLearn/testData/people.cfm:29)
	at lucee.runtime.PageContextImpl._doInclude(PageContextImpl.java:1056)
	at lucee.runtime.PageContextImpl._doInclude(PageContextImpl.java:948)
	at lucee.runtime.listener.ModernAppListener._onRequest(ModernAppListener.java:219)
	at lucee.runtime.listener.MixedAppListener.onRequest(MixedAppListener.java:44)
	at lucee.runtime.PageContextImpl.execute(PageContextImpl.java:2493)
	at lucee.runtime.PageContextImpl._execute(PageContextImpl.java:2478)
	at lucee.runtime.PageContextImpl.executeCFML(PageContextImpl.java:2449)
	at lucee.runtime.engine.Request.exe(Request.java:45)
	at lucee.runtime.engine.CFMLEngineImpl._service(CFMLEngineImpl.java:1216)
	at lucee.runtime.engine.CFMLEngineImpl.serviceCFML(CFMLEngineImpl.java:1162)
	at lucee.loader.engine.CFMLEngineWrapper.serviceCFML(CFMLEngineWrapper.java:97)
	at lucee.loader.servlet.CFMLServlet.service(CFMLServlet.java:51)
..."
"ERROR","http-nio-8888-exec-8","03/03/2023","09:57:20","","key [ID] doesn't exist;lucee.runtime.exp.ExpressionException: key [ID] doesn't exist
	at lucee.runtime.type.util.StructSupport.invalidKey(StructSupport.java:67)
	at lucee.runtime.type.StructImpl.get(StructImpl.java:139)
	at lessonlearn.testdata.people_cfm$cf$57.call(/LessonLearn/testData/people.cfm:29)
	at lucee.runtime.PageContextImpl._doInclude(PageContextImpl.java:1056)
	at lucee.runtime.PageContextImpl._doInclude(PageContextImpl.java:948)
	at lucee.runtime.listener.ModernAppListener._onRequest(ModernAppListener.java:219)
	at lucee.runtime.listener.MixedAppListener.onRequest(MixedAppListener.java:44)
	at lucee.runtime.PageContextImpl.execute(PageContextImpl.java:2493)
	at lucee.runtime.PageContextImpl._execute(PageContextImpl.java:2478)
	at lucee.runtime.PageContextImpl.executeCFML(PageContextImpl.java:2449)
	at lucee.runtime.engine.Request.exe(Request.java:45)
	at lucee.runtime.engine.CFMLEngineImpl._service(CFMLEngineImpl.java:1216)
	at lucee.runtime.engine.CFMLEngineImpl.serviceCFML(CFMLEngineImpl.java:1162)
	at lucee.loader.engine.CFMLEngineWrapper.serviceCFML(CFMLEngineWrapper.java:97)
	at lucee.loader.servlet.CFMLServlet.service(CFMLServlet.java:51)
..."
"ERROR","http-nio-8888-exec-4","03/03/2023","09:57:21","","key [ID] doesn't exist;lucee.runtime.exp.ExpressionException: key [ID] doesn't exist
	at lucee.runtime.type.util.StructSupport.invalidKey(StructSupport.java:67)
	at lucee.runtime.type.StructImpl.get(StructImpl.java:139)
	at lessonlearn.testdata.people_cfm$cf$57.call(/LessonLearn/testData/people.cfm:29)
	at lucee.runtime.PageContextImpl._doInclude(PageContextImpl.java:1056)
	at lucee.runtime.PageContextImpl._doInclude(PageContextImpl.java:948)
	at lucee.runtime.listener.ModernAppListener._onRequest(ModernAppListener.java:219)
	at lucee.runtime.listener.MixedAppListener.onRequest(MixedAppListener.java:44)
	at lucee.runtime.PageContextImpl.execute(PageContextImpl.java:2493)
	at lucee.runtime.PageContextImpl._execute(PageContextImpl.java:2478)
	at lucee.runtime.PageContextImpl.executeCFML(PageContextImpl.java:2449)
	at lucee.runtime.engine.Request.exe(Request.java:45)
	at lucee.runtime.engine.CFMLEngineImpl._service(CFMLEngineImpl.java:1216)
	at lucee.runtime.engine.CFMLEngineImpl.serviceCFML(CFMLEngineImpl.java:1162)
	at lucee.loader.engine.CFMLEngineWrapper.serviceCFML(CFMLEngineWrapper.java:97)
	at lucee.loader.servlet.CFMLServlet.service(CFMLServlet.java:51)
..."
"ERROR","http-nio-8888-exec-9","03/03/2023","09:57:22","","key [ID] doesn't exist;lucee.runtime.exp.ExpressionException: key [ID] doesn't exist
	at lucee.runtime.type.util.StructSupport.invalidKey(StructSupport.java:67)
	at lucee.runtime.type.StructImpl.get(StructImpl.java:139)
	at lessonlearn.testdata.people_cfm$cf$57.call(/LessonLearn/testData/people.cfm:29)
	at lucee.runtime.PageContextImpl._doInclude(PageContextImpl.java:1056)
	at lucee.runtime.PageContextImpl._doInclude(PageContextImpl.java:948)
	at lucee.runtime.listener.ModernAppListener._onRequest(ModernAppListener.java:219)
	at lucee.runtime.listener.MixedAppListener.onRequest(MixedAppListener.java:44)
	at lucee.runtime.PageContextImpl.execute(PageContextImpl.java:2493)
	at lucee.runtime.PageContextImpl._execute(PageContextImpl.java:2478)
	at lucee.runtime.PageContextImpl.executeCFML(PageContextImpl.java:2449)
	at lucee.runtime.engine.Request.exe(Request.java:45)
	at lucee.runtime.engine.CFMLEngineImpl._service(CFMLEngineImpl.java:1216)
	at lucee.runtime.engine.CFMLEngineImpl.serviceCFML(CFMLEngineImpl.java:1162)
	at lucee.loader.engine.CFMLEngineWrapper.serviceCFML(CFMLEngineWrapper.java:97)
	at lucee.loader.servlet.CFMLServlet.service(CFMLServlet.java:51)
..."
"ERROR","http-nio-8888-exec-3","03/03/2023","09:57:27","","key [ID] doesn't exist;lucee.runtime.exp.ExpressionException: key [ID] doesn't exist
	at lucee.runtime.type.util.StructSupport.invalidKey(StructSupport.java:67)
	at lucee.runtime.type.StructImpl.get(StructImpl.java:139)
	at lessonlearn.testdata.people_cfm$cf$57.call(/LessonLearn/testData/people.cfm:29)
	at lucee.runtime.PageContextImpl._doInclude(PageContextImpl.java:1056)
	at lucee.runtime.PageContextImpl._doInclude(PageContextImpl.java:948)
	at lucee.runtime.listener.ModernAppListener._onRequest(ModernAppListener.java:219)
	at lucee.runtime.listener.MixedAppListener.onRequest(MixedAppListener.java:44)
	at lucee.runtime.PageContextImpl.execute(PageContextImpl.java:2493)
	at lucee.runtime.PageContextImpl._execute(PageContextImpl.java:2478)
	at lucee.runtime.PageContextImpl.executeCFML(PageContextImpl.java:2449)
	at lucee.runtime.engine.Request.exe(Request.java:45)
	at lucee.runtime.engine.CFMLEngineImpl._service(CFMLEngineImpl.java:1216)
	at lucee.runtime.engine.CFMLEngineImpl.serviceCFML(CFMLEngineImpl.java:1162)
	at lucee.loader.engine.CFMLEngineWrapper.serviceCFML(CFMLEngineWrapper.java:97)
	at lucee.loader.servlet.CFMLServlet.service(CFMLServlet.java:51)
..."
"ERROR","http-nio-8888-exec-8","03/03/2023","09:59:25","","key [ID] doesn't exist;lucee.runtime.exp.ExpressionException: key [ID] doesn't exist
	at lucee.runtime.type.util.StructSupport.invalidKey(StructSupport.java:67)
	at lucee.runtime.type.StructImpl.get(StructImpl.java:139)
	at lessonlearn.testdata.people_cfm$cf$5j.call(/LessonLearn/testData/people.cfm:29)
	at lucee.runtime.PageContextImpl._doInclude(PageContextImpl.java:1056)
	at lucee.runtime.PageContextImpl._doInclude(PageContextImpl.java:948)
	at lucee.runtime.listener.ModernAppListener._onRequest(ModernAppListener.java:219)
	at lucee.runtime.listener.MixedAppListener.onRequest(MixedAppListener.java:44)
	at lucee.runtime.PageContextImpl.execute(PageContextImpl.java:2493)
	at lucee.runtime.PageContextImpl._execute(PageContextImpl.java:2478)
	at lucee.runtime.PageContextImpl.executeCFML(PageContextImpl.java:2449)
	at lucee.runtime.engine.Request.exe(Request.java:45)
	at lucee.runtime.engine.CFMLEngineImpl._service(CFMLEngineImpl.java:1216)
	at lucee.runtime.engine.CFMLEngineImpl.serviceCFML(CFMLEngineImpl.java:1162)
	at lucee.loader.engine.CFMLEngineWrapper.serviceCFML(CFMLEngineWrapper.java:97)
	at lucee.loader.servlet.CFMLServlet.service(CFMLServlet.java:51)
..."
"ERROR","http-nio-8888-exec-9","03/03/2023","09:59:26","","key [ID] doesn't exist;lucee.runtime.exp.ExpressionException: key [ID] doesn't exist
	at lucee.runtime.type.util.StructSupport.invalidKey(StructSupport.java:67)
	at lucee.runtime.type.StructImpl.get(StructImpl.java:139)
	at lessonlearn.testdata.people_cfm$cf$5j.call(/LessonLearn/testData/people.cfm:29)
	at lucee.runtime.PageContextImpl._doInclude(PageContextImpl.java:1056)
	at lucee.runtime.PageContextImpl._doInclude(PageContextImpl.java:948)
	at lucee.runtime.listener.ModernAppListener._onRequest(ModernAppListener.java:219)
	at lucee.runtime.listener.MixedAppListener.onRequest(MixedAppListener.java:44)
	at lucee.runtime.PageContextImpl.execute(PageContextImpl.java:2493)
	at lucee.runtime.PageContextImpl._execute(PageContextImpl.java:2478)
	at lucee.runtime.PageContextImpl.executeCFML(PageContextImpl.java:2449)
	at lucee.runtime.engine.Request.exe(Request.java:45)
	at lucee.runtime.engine.CFMLEngineImpl._service(CFMLEngineImpl.java:1216)
	at lucee.runtime.engine.CFMLEngineImpl.serviceCFML(CFMLEngineImpl.java:1162)
	at lucee.loader.engine.CFMLEngineWrapper.serviceCFML(CFMLEngineWrapper.java:97)
	at lucee.loader.servlet.CFMLServlet.service(CFMLServlet.java:51)
..."
"ERROR","http-nio-8888-exec-10","03/03/2023","09:59:27","","key [ID] doesn't exist;lucee.runtime.exp.ExpressionException: key [ID] doesn't exist
	at lucee.runtime.type.util.StructSupport.invalidKey(StructSupport.java:67)
	at lucee.runtime.type.StructImpl.get(StructImpl.java:139)
	at lessonlearn.testdata.people_cfm$cf$5j.call(/LessonLearn/testData/people.cfm:29)
	at lucee.runtime.PageContextImpl._doInclude(PageContextImpl.java:1056)
	at lucee.runtime.PageContextImpl._doInclude(PageContextImpl.java:948)
	at lucee.runtime.listener.ModernAppListener._onRequest(ModernAppListener.java:219)
	at lucee.runtime.listener.MixedAppListener.onRequest(MixedAppListener.java:44)
	at lucee.runtime.PageContextImpl.execute(PageContextImpl.java:2493)
	at lucee.runtime.PageContextImpl._execute(PageContextImpl.java:2478)
	at lucee.runtime.PageContextImpl.executeCFML(PageContextImpl.java:2449)
	at lucee.runtime.engine.Request.exe(Request.java:45)
	at lucee.runtime.engine.CFMLEngineImpl._service(CFMLEngineImpl.java:1216)
	at lucee.runtime.engine.CFMLEngineImpl.serviceCFML(CFMLEngineImpl.java:1162)
	at lucee.loader.engine.CFMLEngineWrapper.serviceCFML(CFMLEngineWrapper.java:97)
	at lucee.loader.servlet.CFMLServlet.service(CFMLServlet.java:51)
..."
"ERROR","http-nio-8888-exec-3","03/03/2023","09:59:27","","key [ID] doesn't exist;lucee.runtime.exp.ExpressionException: key [ID] doesn't exist
	at lucee.runtime.type.util.StructSupport.invalidKey(StructSupport.java:67)
	at lucee.runtime.type.StructImpl.get(StructImpl.java:139)
	at lessonlearn.testdata.people_cfm$cf$5j.call(/LessonLearn/testData/people.cfm:29)
	at lucee.runtime.PageContextImpl._doInclude(PageContextImpl.java:1056)
	at lucee.runtime.PageContextImpl._doInclude(PageContextImpl.java:948)
	at lucee.runtime.listener.ModernAppListener._onRequest(ModernAppListener.java:219)
	at lucee.runtime.listener.MixedAppListener.onRequest(MixedAppListener.java:44)
	at lucee.runtime.PageContextImpl.execute(PageContextImpl.java:2493)
	at lucee.runtime.PageContextImpl._execute(PageContextImpl.java:2478)
	at lucee.runtime.PageContextImpl.executeCFML(PageContextImpl.java:2449)
	at lucee.runtime.engine.Request.exe(Request.java:45)
	at lucee.runtime.engine.CFMLEngineImpl._service(CFMLEngineImpl.java:1216)
	at lucee.runtime.engine.CFMLEngineImpl.serviceCFML(CFMLEngineImpl.java:1162)
	at lucee.loader.engine.CFMLEngineWrapper.serviceCFML(CFMLEngineWrapper.java:97)
	at lucee.loader.servlet.CFMLServlet.service(CFMLServlet.java:51)
..."
"ERROR","http-nio-8888-exec-2","03/03/2023","09:59:33","","key [ID] doesn't exist;lucee.runtime.exp.ExpressionException: key [ID] doesn't exist
	at lucee.runtime.type.util.StructSupport.invalidKey(StructSupport.java:67)
	at lucee.runtime.type.StructImpl.get(StructImpl.java:139)
	at lessonlearn.testdata.people_cfm$cf$5j.call(/LessonLearn/testData/people.cfm:29)
	at lucee.runtime.PageContextImpl._doInclude(PageContextImpl.java:1056)
	at lucee.runtime.PageContextImpl._doInclude(PageContextImpl.java:948)
	at lucee.runtime.listener.ModernAppListener._onRequest(ModernAppListener.java:219)
	at lucee.runtime.listener.MixedAppListener.onRequest(MixedAppListener.java:44)
	at lucee.runtime.PageContextImpl.execute(PageContextImpl.java:2493)
	at lucee.runtime.PageContextImpl._execute(PageContextImpl.java:2478)
	at lucee.runtime.PageContextImpl.executeCFML(PageContextImpl.java:2449)
	at lucee.runtime.engine.Request.exe(Request.java:45)
	at lucee.runtime.engine.CFMLEngineImpl._service(CFMLEngineImpl.java:1216)
	at lucee.runtime.engine.CFMLEngineImpl.serviceCFML(CFMLEngineImpl.java:1162)
	at lucee.loader.engine.CFMLEngineWrapper.serviceCFML(CFMLEngineWrapper.java:97)
	at lucee.loader.servlet.CFMLServlet.service(CFMLServlet.java:51)
..."
"ERROR","http-nio-8888-exec-10","03/03/2023","10:07:11","","key [ID] doesn't exist;lucee.runtime.exp.ExpressionException: key [ID] doesn't exist
	at lucee.runtime.type.util.StructSupport.invalidKey(StructSupport.java:67)
	at lucee.runtime.type.StructImpl.get(StructImpl.java:139)
	at lessonlearn.testdata.people_cfm$cf.call(/LessonLearn/testData/people.cfm:29)
	at lucee.runtime.PageContextImpl._doInclude(PageContextImpl.java:1056)
	at lucee.runtime.PageContextImpl._doInclude(PageContextImpl.java:948)
	at lucee.runtime.listener.ModernAppListener._onRequest(ModernAppListener.java:219)
	at lucee.runtime.listener.MixedAppListener.onRequest(MixedAppListener.java:44)
	at lucee.runtime.PageContextImpl.execute(PageContextImpl.java:2493)
	at lucee.runtime.PageContextImpl._execute(PageContextImpl.java:2478)
	at lucee.runtime.PageContextImpl.executeCFML(PageContextImpl.java:2449)
	at lucee.runtime.engine.Request.exe(Request.java:45)
	at lucee.runtime.engine.CFMLEngineImpl._service(CFMLEngineImpl.java:1216)
	at lucee.runtime.engine.CFMLEngineImpl.serviceCFML(CFMLEngineImpl.java:1162)
	at lucee.loader.engine.CFMLEngineWrapper.serviceCFML(CFMLEngineWrapper.java:97)
	at lucee.loader.servlet.CFMLServlet.service(CFMLServlet.java:51)
..."
"ERROR","http-nio-8888-exec-1","03/03/2023","10:09:42","","key [ID] doesn't exist;lucee.runtime.exp.ExpressionException: key [ID] doesn't exist
	at lucee.runtime.type.util.StructSupport.invalidKey(StructSupport.java:67)
	at lucee.runtime.type.StructImpl.get(StructImpl.java:139)
	at lessonlearn.testdata.people_cfm$cf$5l.call(/LessonLearn/testData/people.cfm:29)
	at lucee.runtime.PageContextImpl._doInclude(PageContextImpl.java:1056)
	at lucee.runtime.PageContextImpl._doInclude(PageContextImpl.java:948)
	at lucee.runtime.listener.ModernAppListener._onRequest(ModernAppListener.java:219)
	at lucee.runtime.listener.MixedAppListener.onRequest(MixedAppListener.java:44)
	at lucee.runtime.PageContextImpl.execute(PageContextImpl.java:2493)
	at lucee.runtime.PageContextImpl._execute(PageContextImpl.java:2478)
	at lucee.runtime.PageContextImpl.executeCFML(PageContextImpl.java:2449)
	at lucee.runtime.engine.Request.exe(Request.java:45)
	at lucee.runtime.engine.CFMLEngineImpl._service(CFMLEngineImpl.java:1216)
	at lucee.runtime.engine.CFMLEngineImpl.serviceCFML(CFMLEngineImpl.java:1162)
	at lucee.loader.engine.CFMLEngineWrapper.serviceCFML(CFMLEngineWrapper.java:97)
	at lucee.loader.servlet.CFMLServlet.service(CFMLServlet.java:51)
..."
"ERROR","http-nio-8888-exec-6","03/03/2023","10:09:59","","key [ID] doesn't exist;lucee.runtime.exp.ExpressionException: key [ID] doesn't exist
	at lucee.runtime.type.util.StructSupport.invalidKey(StructSupport.java:67)
	at lucee.runtime.type.StructImpl.get(StructImpl.java:139)
	at lessonlearn.testdata.people_cfm$cf$5l.call(/LessonLearn/testData/people.cfm:29)
	at lucee.runtime.PageContextImpl._doInclude(PageContextImpl.java:1056)
	at lucee.runtime.PageContextImpl._doInclude(PageContextImpl.java:948)
	at lucee.runtime.listener.ModernAppListener._onRequest(ModernAppListener.java:219)
	at lucee.runtime.listener.MixedAppListener.onRequest(MixedAppListener.java:44)
	at lucee.runtime.PageContextImpl.execute(PageContextImpl.java:2493)
	at lucee.runtime.PageContextImpl._execute(PageContextImpl.java:2478)
	at lucee.runtime.PageContextImpl.executeCFML(PageContextImpl.java:2449)
	at lucee.runtime.engine.Request.exe(Request.java:45)
	at lucee.runtime.engine.CFMLEngineImpl._service(CFMLEngineImpl.java:1216)
	at lucee.runtime.engine.CFMLEngineImpl.serviceCFML(CFMLEngineImpl.java:1162)
	at lucee.loader.engine.CFMLEngineWrapper.serviceCFML(CFMLEngineWrapper.java:97)
	at lucee.loader.servlet.CFMLServlet.service(CFMLServlet.java:51)
..."
"ERROR","http-nio-8888-exec-4","03/03/2023","11:33:16","","You have an error in your SQL syntax; check the manual that corresponds to your MySQL server version for the right syntax to use near '""' at line 1;lucee.runtime.exp.DatabaseException: You have an error in your SQL syntax; check the manual that corresponds to your MySQL server version for the right syntax to use near '""' at line 1
	at com.mysql.cj.jdbc.exceptions.SQLError.createSQLException(SQLError.java:120)
	at com.mysql.cj.jdbc.exceptions.SQLExceptionsMapping.translateException(SQLExceptionsMapping.java:122)
	at com.mysql.cj.jdbc.ClientPreparedStatement.executeInternal(ClientPreparedStatement.java:916)
	at com.mysql.cj.jdbc.ClientPreparedStatement.execute(ClientPreparedStatement.java:354)
	at lucee.runtime.type.util.QueryUtil.execute(QueryUtil.java:328)
	at lucee.runtime.type.QueryImpl.execute(QueryImpl.java:296)
	at lucee.runtime.type.QueryImpl.<init>(QueryImpl.java:235)
	at lucee.runtime.tag.Query.executeDatasoure(Query.java:1135)
	at lucee.runtime.tag.Query._doEndTag(Query.java:700)
	at lucee.runtime.tag.Query.doEndTag(Query.java:566)
	at lessonlearn.testdata.people_cfm$cf$62.call(/LessonLearn/testData/people.cfm:37)
	at lucee.runtime.PageContextImpl._doInclude(PageContextImpl.java:1056)
	at lucee.runtime.PageContextImpl._doInclude(PageContextImpl.java:948)
	at lucee.runtime.listener.ModernAppListener._onRequest(ModernAppListener.java:219)
	at lucee.runtime.listener.MixedAppListener.onRequest(MixedAppListener.java:44)
	at lucee.runtime.PageContextImpl.execute(PageContextImpl.java:2493)
	at lucee.runtime.PageContextImpl._execute(PageContextImpl.java:2478)
	at lucee.runtime.PageContextImpl.executeCFML(PageContextImpl.java:2449)
	at lucee.runtime.engine.Request.exe(Request.java:45)
	at lucee.runtime.engine.CFMLEngineImpl._service(CFMLEngineImpl.java:1216)
	at lucee.runtime.engine.CFMLEngineImpl.serviceCFML(CFMLEngineImpl.java:1162)
	at lucee.loader.engine.CFMLEngineWrapper.serviceCFML(CFMLEngineWrapper.java:97)
	at lucee.loader.servlet.CFMLServlet.service(CFMLServlet.java:51)
..."
